<?xml version="1.0" encoding="UTF-8"?>
<testsuite name="ParserTest" tests="3" skipped="0" failures="0" errors="0" timestamp="2025-04-23T19:02:26" hostname="DESKTOP-J28L14A" time="0.186">
  <properties/>
  <testcase name="testSortByName()" classname="ParserTest" time="0.089"/>
  <testcase name="testSortByRating()" classname="ParserTest" time="0.011"/>
  <testcase name="testSortByPrice()" classname="ParserTest" time="0.005"/>
  <system-out><![CDATA[]]></system-out>
  <system-err><![CDATA[]]></system-err>
</testsuite>
